#
# A fatal error has been detected by the Java Runtime Environment:
#
#  EXCEPTION_ACCESS_VIOLATION (0xc0000005) at pc=0x0000000000000000, pid=11304, tid=11048
#
# JRE version: Java(TM) SE Runtime Environment (8.0_20-b26) (build 1.8.0_20-b26)
# Java VM: Java HotSpot(TM) 64-Bit Server VM (25.20-b23 mixed mode windows-amd64 compressed oops)
# Problematic frame:
# C  0x0000000000000000
#
# Failed to write core dump. Minidumps are not enabled by default on client versions of Windows
#
# If you would like to submit a bug report, please visit:
#   http://bugreport.sun.com/bugreport/crash.jsp
# The crash happened outside the Java Virtual Machine in native code.
# See problematic frame for where to report the bug.
#

---------------  T H R E A D  ---------------

Current thread (0x00000000029cf000):  JavaThread "main" [_thread_in_native, id=11048, stack(0x0000000002a80000,0x0000000002b80000)]

siginfo: ExceptionCode=0xc0000005, ExceptionInformation=0x0000000000000008 0x0000000000000000

Registers:
RAX=0x0000000180004fb0, RBX=0x000000000d3e62b0, RCX=0x0000000000000001, RDX=0x0000000002b7f338
RSP=0x0000000002b7f2e8, RBP=0x0000000002b7f388, RSI=0x0000000000000002, RDI=0x000000000f017a2d
R8 =0x0000000000000001, R9 =0x00000000028b6f70, R10=0x000000000f025b48, R11=0x000000006f7d14f0
R12=0x0000000000000000, R13=0x000000000d3e62b0, R14=0x0000000002b7f3a8, R15=0x00000000029cf000
RIP=0x0000000000000000, EFLAGS=0x0000000000010206

Top of Stack: (sp=0x0000000002b7f2e8)
0x0000000002b7f2e8:   0000000180004fc2 0000000002b7f700
0x0000000002b7f2f8:   00000000029cf000 000000000d3e62b0
0x0000000002b7f308:   0000000000000002 000000000f017a2d
0x0000000002b7f318:   000000000f025b74 00000000029cf000
0x0000000002b7f328:   000000000d3e62b0 0000000000000002
0x0000000002b7f338:   00000000029cf000 000000000f0258a2
0x0000000002b7f348:   0000000002b7f348 000000000d3e62b0
0x0000000002b7f358:   0000000002b7f3a8 000000000d3e75e8
0x0000000002b7f368:   0000000000000000 000000000d3e62b0
0x0000000002b7f378:   0000000000000000 0000000002b7f3a8
0x0000000002b7f388:   0000000002b7f3f0 000000000f017470
0x0000000002b7f398:   000000076cb414e0 000000000f01f6b6
0x0000000002b7f3a8:   0000000000000001 0000000002b7f3b0
0x0000000002b7f3b8:   000000000d3e6209 0000000002b7f400
0x0000000002b7f3c8:   000000000d3e75e8 0000000000000000
0x0000000002b7f3d8:   000000000d3e6228 0000000002b7f3a8 

Instructions: (pc=0x0000000000000000)
0xffffffffffffffe0:   


Register to memory mapping:

RAX=0x0000000180004fb0 is an unknown value
RBX={method} {0x000000000d3e62b8} 'nalGenBuffers2' '(I)I' in 'org/lwjgl/openal/AL10'
RCX=0x0000000000000001 is an unknown value
RDX=0x0000000002b7f338 is pointing into the stack for thread: 0x00000000029cf000
RSP=0x0000000002b7f2e8 is pointing into the stack for thread: 0x00000000029cf000
RBP=0x0000000002b7f388 is pointing into the stack for thread: 0x00000000029cf000
RSI=0x0000000000000002 is an unknown value
RDI=0x000000000f017a2d is at code_begin+2093 in an Interpreter codelet
invoke return entry points  [0x000000000f017200, 0x000000000f017b00]  2304 bytes
R8 =0x0000000000000001 is an unknown value
R9 =0x00000000028b6f70 is an unknown value
R10=0x000000000f025b48 is at code_begin+840 in an Interpreter codelet
method entry point (kind = native)  [0x000000000f025800, 0x000000000f026160]  2400 bytes
R11=0x000000006f7d14f0 is an unknown value
R12=0x0000000000000000 is an unknown value
R13={method} {0x000000000d3e62b8} 'nalGenBuffers2' '(I)I' in 'org/lwjgl/openal/AL10'
R14=0x0000000002b7f3a8 is pointing into the stack for thread: 0x00000000029cf000
R15=0x00000000029cf000 is a thread


Stack: [0x0000000002a80000,0x0000000002b80000],  sp=0x0000000002b7f2e8,  free space=1020k
Native frames: (J=compiled Java code, j=interpreted, Vv=VM code, C=native code)

Java frames: (J=compiled Java code, j=interpreted, Vv=VM code)
j  org.lwjgl.openal.AL10.nalGenBuffers2(I)I+0
j  org.lwjgl.openal.AL10.alGenBuffers()I+1
j  src.VideoGame.createWindow()V+101
j  src.VideoGame.run()V+1
j  src.VideoGame.main([Ljava/lang/String;)V+7
v  ~StubRoutines::call_stub

---------------  P R O C E S S  ---------------

Java Threads: ( => current thread )
  0x000000000e92a000 JavaThread "Service Thread" daemon [_thread_blocked, id=8136, stack(0x000000001f720000,0x000000001f820000)]
  0x000000000e8ed000 JavaThread "C1 CompilerThread3" daemon [_thread_blocked, id=3844, stack(0x000000001f5e0000,0x000000001f6e0000)]
  0x000000000e8b2000 JavaThread "C2 CompilerThread2" daemon [_thread_blocked, id=10568, stack(0x000000001f470000,0x000000001f570000)]
  0x000000000d8ee800 JavaThread "C2 CompilerThread1" daemon [_thread_blocked, id=9528, stack(0x000000001f2b0000,0x000000001f3b0000)]
  0x000000000e897800 JavaThread "C2 CompilerThread0" daemon [_thread_blocked, id=11328, stack(0x000000001f1b0000,0x000000001f2b0000)]
  0x000000000e897000 JavaThread "Attach Listener" daemon [_thread_blocked, id=9760, stack(0x000000001f030000,0x000000001f130000)]
  0x000000000e896000 JavaThread "Signal Dispatcher" daemon [_thread_blocked, id=9076, stack(0x000000001ef30000,0x000000001f030000)]
  0x000000000d8dd000 JavaThread "Finalizer" daemon [_thread_blocked, id=12728, stack(0x000000001ed40000,0x000000001ee40000)]
  0x000000000e833000 JavaThread "Reference Handler" daemon [_thread_blocked, id=13148, stack(0x000000001eb20000,0x000000001ec20000)]
=>0x00000000029cf000 JavaThread "main" [_thread_in_native, id=11048, stack(0x0000000002a80000,0x0000000002b80000)]

Other Threads:
  0x000000000e832000 VMThread [stack: 0x000000001ea20000,0x000000001eb20000] [id=10832]
  0x000000000e941000 WatcherThread [stack: 0x000000001ec20000,0x000000001ed20000] [id=10212]

VM state:not at safepoint (normal execution)

VM Mutex/Monitor currently owned by a thread: None

Heap:
 PSYoungGen      total 75264K, used 7741K [0x000000076c400000, 0x0000000771800000, 0x00000007c0000000)
  eden space 64512K, 12% used [0x000000076c400000,0x000000076cb8f6a0,0x0000000770300000)
  from space 10752K, 0% used [0x0000000770d80000,0x0000000770d80000,0x0000000771800000)
  to   space 10752K, 0% used [0x0000000770300000,0x0000000770300000,0x0000000770d80000)
 ParOldGen       total 172032K, used 0K [0x00000006c4c00000, 0x00000006cf400000, 0x000000076c400000)
  object space 172032K, 0% used [0x00000006c4c00000,0x00000006c4c00000,0x00000006cf400000)
 Metaspace       used 4753K, capacity 5603K, committed 5632K, reserved 1056768K
  class space    used 451K, capacity 496K, committed 512K, reserved 1048576K

Card table byte_map: [0x0000000002fc0000,0x00000000037a0000] byte_map_base: 0xffffffffff99a000

Marking Bits: (ParMarkBitMap*) 0x000000006fd9b460
 Begin Bits: [0x0000000004970000, 0x0000000008840000)
 End Bits:   [0x0000000008840000, 0x000000000c710000)

Polling page: 0x0000000000230000

CodeCache: size=245760Kb used=1662Kb max_used=1662Kb free=244097Kb
 bounds [0x000000000f010000, 0x000000000f280000, 0x000000001e010000]
 total_blobs=620 nmethods=277 adapters=257
 compilation: enabled

Compilation events (10 events):
Event: 0.657 Thread 0x000000000e8ed000  272       1       java.nio.Buffer::limit (5 bytes)
Event: 0.657 Thread 0x000000000e8ed000 nmethod 272 0x000000000f1aa210 code [0x000000000f1aa360, 0x000000000f1aa470]
Event: 0.657 Thread 0x000000000e8b2000 nmethod 271 0x000000000f1aa4d0 code [0x000000000f1aa6e0, 0x000000000f1aa798]
Event: 0.657 Thread 0x000000000e8ed000  273       3       java.lang.String::<init> (10 bytes)
Event: 0.657 Thread 0x000000000e8ed000 nmethod 273 0x000000000f1a9e50 code [0x000000000f1a9fa0, 0x000000000f1aa170]
Event: 0.659 Thread 0x000000000e8ed000  275   !   3       java.net.URL::<init> (543 bytes)
Event: 0.659 Thread 0x000000000d8ee800  276       4       sun.nio.cs.ext.DoubleByte$Encoder::encodeChar (21 bytes)
Event: 0.659 Thread 0x000000000e897800  277       4       java.nio.Buffer::position (43 bytes)
Event: 0.660 Thread 0x000000000e897800 nmethod 277 0x000000000f1a9c10 code [0x000000000f1a9d40, 0x000000000f1a9dd8]
Event: 0.660 Thread 0x000000000d8ee800 nmethod 276 0x000000000f1a98d0 code [0x000000000f1a9a20, 0x000000000f1a9b18]

GC Heap History (0 events):
No events

Deoptimization events (0 events):
No events

Internal exceptions (10 events):
Event: 0.525 Thread 0x00000000029cf000 Exception <a 'java/security/PrivilegedActionException'> (0x000000076c9ef230) thrown at [D:\re\workspace\8-2-build-windows-amd64-cygwin\jdk8u20\1074\hotspot\src\share\vm\prims\jvm.cpp, line 1275]
Event: 0.574 Thread 0x00000000029cf000 Exception <a 'java/security/PrivilegedActionException'> (0x000000076cadd090) thrown at [D:\re\workspace\8-2-build-windows-amd64-cygwin\jdk8u20\1074\hotspot\src\share\vm\prims\jvm.cpp, line 1275]
Event: 0.580 Thread 0x00000000029cf000 Exception <a 'java/security/PrivilegedActionException'> (0x000000076caec908) thrown at [D:\re\workspace\8-2-build-windows-amd64-cygwin\jdk8u20\1074\hotspot\src\share\vm\prims\jvm.cpp, line 1275]
Event: 0.648 Thread 0x00000000029cf000 Exception <a 'java/security/PrivilegedActionException'> (0x000000076caf09b0) thrown at [D:\re\workspace\8-2-build-windows-amd64-cygwin\jdk8u20\1074\hotspot\src\share\vm\prims\jvm.cpp, line 1275]
Event: 0.649 Thread 0x00000000029cf000 Exception <a 'java/security/PrivilegedActionException'> (0x000000076caf6bd8) thrown at [D:\re\workspace\8-2-build-windows-amd64-cygwin\jdk8u20\1074\hotspot\src\share\vm\prims\jvm.cpp, line 1275]
Event: 0.656 Thread 0x00000000029cf000 Exception <a 'java/security/PrivilegedActionException'> (0x000000076cb1dcf0) thrown at [D:\re\workspace\8-2-build-windows-amd64-cygwin\jdk8u20\1074\hotspot\src\share\vm\prims\jvm.cpp, line 1275]
Event: 0.656 Thread 0x00000000029cf000 Exception <a 'java/security/PrivilegedActionException'> (0x000000076cb1dea8) thrown at [D:\re\workspace\8-2-build-windows-amd64-cygwin\jdk8u20\1074\hotspot\src\share\vm\prims\jvm.cpp, line 1275]
Event: 0.657 Thread 0x00000000029cf000 Exception <a 'java/security/PrivilegedActionException'> (0x000000076cb21dd0) thrown at [D:\re\workspace\8-2-build-windows-amd64-cygwin\jdk8u20\1074\hotspot\src\share\vm\prims\jvm.cpp, line 1275]
Event: 0.657 Thread 0x00000000029cf000 Exception <a 'java/security/PrivilegedActionException'> (0x000000076cb21f88) thrown at [D:\re\workspace\8-2-build-windows-amd64-cygwin\jdk8u20\1074\hotspot\src\share\vm\prims\jvm.cpp, line 1275]
Event: 0.659 Thread 0x00000000029cf000 Exception <a 'java/security/PrivilegedActionException'> (0x000000076cb36890) thrown at [D:\re\workspace\8-2-build-windows-amd64-cygwin\jdk8u20\1074\hotspot\src\share\vm\prims\jvm.cpp, line 1275]

Events (10 events):
Event: 0.659 loading class javax/sound/sampled/UnsupportedAudioFileException
Event: 0.659 loading class javax/sound/sampled/UnsupportedAudioFileException done
Event: 0.659 loading class java/lang/Throwable$WrappedPrintStream
Event: 0.659 loading class java/lang/Throwable$PrintStreamOrWriter
Event: 0.659 loading class java/lang/Throwable$PrintStreamOrWriter done
Event: 0.659 loading class java/lang/Throwable$WrappedPrintStream done
Event: 0.659 loading class java/util/IdentityHashMap$KeySet
Event: 0.659 loading class java/util/IdentityHashMap$KeySet done
Event: 0.659 loading class org/lwjgl/openal/AL10
Event: 0.659 loading class org/lwjgl/openal/AL10 done


Dynamic libraries:
0x000000013fa70000 - 0x000000013faa4000 	C:\Program Files\Java\jdk1.8.0_20\bin\javaw.exe
0x0000000077760000 - 0x0000000077909000 	C:\Windows\SYSTEM32\ntdll.dll
0x0000000077540000 - 0x000000007765f000 	C:\Windows\system32\kernel32.dll
0x000007fefd9d0000 - 0x000007fefda3b000 	C:\Windows\system32\KERNELBASE.dll
0x000007feff4f0000 - 0x000007feff5cb000 	C:\Windows\system32\ADVAPI32.dll
0x000007feff230000 - 0x000007feff2cf000 	C:\Windows\system32\msvcrt.dll
0x000007feff5d0000 - 0x000007feff5ef000 	C:\Windows\SYSTEM32\sechost.dll
0x000007feff2d0000 - 0x000007feff3fd000 	C:\Windows\system32\RPCRT4.dll
0x0000000077660000 - 0x000000007775a000 	C:\Windows\system32\USER32.dll
0x000007feff190000 - 0x000007feff1f7000 	C:\Windows\system32\GDI32.dll
0x000007feff0a0000 - 0x000007feff0ae000 	C:\Windows\system32\LPK.dll
0x000007fefef30000 - 0x000007fefeff9000 	C:\Windows\system32\USP10.dll
0x000007fefc190000 - 0x000007fefc384000 	C:\Windows\WinSxS\amd64_microsoft.windows.common-controls_6595b64144ccf1df_6.0.7601.17514_none_fa396087175ac9ac\COMCTL32.dll
0x000007feff9f0000 - 0x000007feffa61000 	C:\Windows\system32\SHLWAPI.dll
0x000007feff200000 - 0x000007feff22e000 	C:\Windows\system32\IMM32.DLL
0x000007fefde10000 - 0x000007fefdf19000 	C:\Windows\system32\MSCTF.dll
0x000007fefd670000 - 0x000007fefd6b0000 	C:\Windows\system32\nvinitx.dll
0x000000000f000000 - 0x000000000f006000 	C:\Program Files\NVIDIA Corporation\CoProcManager\_etoured.dll
0x000007fefaaa0000 - 0x000007fefaaf6000 	C:\Program Files\NVIDIA Corporation\CoProcManager\nvd3d9wrapx.dll
0x000007feff6e0000 - 0x000007feff8b7000 	C:\Windows\system32\SETUPAPI.dll
0x000007fefda40000 - 0x000007fefda76000 	C:\Windows\system32\CFGMGR32.dll
0x000007feff0b0000 - 0x000007feff187000 	C:\Windows\system32\OLEAUT32.dll
0x000007fefdc00000 - 0x000007fefde03000 	C:\Windows\system32\ole32.dll
0x000007fefd970000 - 0x000007fefd98a000 	C:\Windows\system32\DEVOBJ.dll
0x000007fefaa60000 - 0x000007fefaa9d000 	C:\Program Files\NVIDIA Corporation\CoProcManager\nvdxgiwrapx.dll
0x00000000550c0000 - 0x0000000055192000 	C:\Program Files\Java\jdk1.8.0_20\jre\bin\msvcr100.dll
0x000000006f5c0000 - 0x000000006fe18000 	C:\Program Files\Java\jdk1.8.0_20\jre\bin\server\jvm.dll
0x000007fefb900000 - 0x000007fefb909000 	C:\Windows\system32\WSOCK32.dll
0x000007feff5f0000 - 0x000007feff63d000 	C:\Windows\system32\WS2_32.dll
0x000007feff400000 - 0x000007feff408000 	C:\Windows\system32\NSI.dll
0x000007fefab00000 - 0x000007fefab3b000 	C:\Windows\system32\WINMM.dll
0x0000000077930000 - 0x0000000077937000 	C:\Windows\system32\PSAPI.DLL
0x0000000070530000 - 0x000000007053f000 	C:\Program Files\Java\jdk1.8.0_20\jre\bin\verify.dll
0x000000006d840000 - 0x000000006d868000 	C:\Program Files\Java\jdk1.8.0_20\jre\bin\java.dll
0x0000000070590000 - 0x00000000705a6000 	C:\Program Files\Java\jdk1.8.0_20\jre\bin\zip.dll
0x000007fefdf40000 - 0x000007fefecc8000 	C:\Windows\system32\SHELL32.dll
0x000007fefd6b0000 - 0x000007fefd6bf000 	C:\Windows\system32\profapi.dll
0x0000000180000000 - 0x0000000180053000 	C:\Windows\System32\lwjgl64.dll
0x000007feef770000 - 0x000007feef88d000 	C:\Windows\system32\OPENGL32.dll
0x000007fef7b00000 - 0x000007fef7b2d000 	C:\Windows\system32\GLU32.dll
0x000007fef1800000 - 0x000007fef18f1000 	C:\Windows\system32\DDRAW.dll
0x000007fef91b0000 - 0x000007fef91b8000 	C:\Windows\system32\DCIMAN32.dll
0x000007fefc680000 - 0x000007fefc698000 	C:\Windows\system32\dwmapi.dll
0x000007fefc7b0000 - 0x000007fefc7bc000 	C:\Windows\system32\VERSION.dll
0x000007fefc6a0000 - 0x000007fefc6f6000 	C:\Windows\system32\uxtheme.dll
0x000007fefd540000 - 0x000007fefd597000 	C:\Windows\system32\apphelp.dll
0x000007fef68d0000 - 0x000007fef7094000 	C:\Windows\system32\SOGOUPY.IME
0x000007fefc700000 - 0x000007fefc707000 	C:\Windows\system32\MSIMG32.dll
0x000007fefa6a0000 - 0x000007fefa6f4000 	C:\Windows\system32\OLEACC.dll
0x000007fefb600000 - 0x000007fefb62d000 	C:\Windows\system32\ntmarta.dll
0x000007feff410000 - 0x000007feff462000 	C:\Windows\system32\WLDAP32.dll
0x000007fefd5a0000 - 0x000007fefd5af000 	C:\Windows\system32\CRYPTBASE.dll
0x000007fef5fe0000 - 0x000007fef602e000 	C:\Program Files (x86)\SogouInput\Components\SGImeGuard\1.0.0.27\SGImeGuard64.dll
0x0000000023320000 - 0x00000000233e4000 	C:\Program Files (x86)\SogouInput\7.4.0.4382\Resource.dll
0x000007fef5e20000 - 0x000007fef5fd1000 	C:\Program Files (x86)\SogouInput\Components\PicFace\1.0.0.1112\PicFace64.dll
0x0000000023970000 - 0x00000000239aa000 	C:\Windows\system32\WINTRUST.dll
0x000007fefd760000 - 0x000007fefd8c7000 	C:\Windows\system32\CRYPT32.dll
0x000007fefd750000 - 0x000007fefd75f000 	C:\Windows\system32\MSASN1.dll
0x00000000694d0000 - 0x000000006aeb7000 	C:\Windows\system32\nvoglv64.DLL
0x000007fef5dd0000 - 0x000007fef5dfa000 	C:\Program Files (x86)\SogouInput\Components\SgAppender\1.0.0.207\SgAppender_Dll64.dll
0x000007fef5d60000 - 0x000007fef5dc7000 	C:\Program Files (x86)\SogouInput\Components\AddressSearch\2.0.1.1379\AddressSearch64.dll
0x000007fefab40000 - 0x000007fefabdc000 	C:\Windows\system32\mscms.dll
0x000007fefc9c0000 - 0x000007fefc9de000 	C:\Windows\system32\USERENV.dll
0x000007fef6800000 - 0x000007fef6842000 	C:\Windows\system32\icm32.dll
0x000007fee9980000 - 0x000007feea314000 	C:\Windows\system32\igd10iumd64.dll
0x000007fefd090000 - 0x000007fefd0b2000 	C:\Windows\system32\bcrypt.dll
0x000007fefd0c0000 - 0x000007fefd10e000 	C:\Windows\system32\ncrypt.dll
0x000007fef5910000 - 0x000007fef5d44000 	C:\Windows\system32\igdusc64.dll
0x000007fef0d10000 - 0x000007fef0e35000 	C:\Windows\system32\dbghelp.dll

VM Arguments:
jvm_args: -Dfile.encoding=GBK 
java_command: src.VideoGame
java_class_path (initial): D:\JAVA\Project\VideoGame;D:\JAVA\Project\VideoGame\lwjgl-2.9.3\jar\AppleJavaExtensions.jar;D:\JAVA\Project\VideoGame\lwjgl-2.9.3\jar\asm-debug-all.jar;D:\JAVA\Project\VideoGame\lwjgl-2.9.3\jar\jinput.jar;D:\JAVA\Project\VideoGame\lwjgl-2.9.3\jar\laf-plugin-7.2.1.jar;D:\JAVA\Project\VideoGame\lwjgl-2.9.3\jar\laf-widget-7.2.1.jar;D:\JAVA\Project\VideoGame\lwjgl-2.9.3\jar\log4j-api-2.0-beta9.jar;D:\JAVA\Project\VideoGame\lwjgl-2.9.3\jar\lwjgl_test.jar;D:\JAVA\Project\VideoGame\lwjgl-2.9.3\jar\lwjgl_util_applet.jar;D:\JAVA\Project\VideoGame\lwjgl-2.9.3\jar\lwjgl_util.jar;D:\JAVA\Project\VideoGame\lwjgl-2.9.3\jar\lwjgl-debug.jar;D:\JAVA\Project\VideoGame\lwjgl-2.9.3\jar\lwjgl.jar;D:\JAVA\Project\VideoGame\lwjgl-2.9.3\jar\lzma.jar;D:\JAVA\Project\VideoGame\lwjgl-2.9.3\jar\substance-7.2.1.jar;D:\JAVA\Project\VideoGame\lwjgl-2.9.3\jar\trident-7.2.1.jar;D:\JAVA\Project\VideoGame\lib\slick.jar;D:\JAVA\Project\VideoGame\lib\jogg-0.0.7.jar;D:\JAVA\Project\VideoGame\lib\jorbis-0.0.15.jar
Launcher Type: SUN_STANDARD

Environment Variables:
JAVA_HOME=C:\Program Files\Java\jdk1.8.0_20
CLASSPATH=.;C:\Program Files\Java\jdk1.8.0_20\lib\tools.jar
PATH=C:/Program Files/Java/jdk1.8.0_20/bin/../jre/bin/server;C:/Program Files/Java/jdk1.8.0_20/bin/../jre/bin;C:/Program Files/Java/jdk1.8.0_20/bin/../jre/lib/amd64;D:\OpenCV3\opencv\build\x86\vc10\bin;D:\OpenCV2.4.10\opencv\build\x86\vc10\bin;C:\Users\admin\Desktop\eclipse\android\tools;C:\Program Files\Java\jdk1.8.0_20\bin;C:\ProgramData\Oracle\Java\javapath;D:\ffmpeg\lib;C:\Program Files (x86)\NVIDIA Corporation\PhysX\Common;C:\Program Files\NVIDIA GPU Computing Toolkit\CUDA\v6.0\bin;C:\Program Files\NVIDIA GPU Computing Toolkit\CUDA\v6.0\libnvvp;D:\opencv2.3.1\opencv\build\x86\vc10\bin;C:\Program Files (x86)\Intel\iCLS Client\;C:\Program Files\Intel\iCLS Client\;C:\Windows\system32;C:\Windows;C:\Windows\System32\Wbem;C:\Windows\System32\WindowsPowerShell\v1.0\;C:\Program Files\Intel\Intel(R) Management Engine Components\DAL;C:\Program Files\Intel\Intel(R) Management Engine Components\IPT;C:\Program Files (x86)\Intel\Intel(R) Management Engine Components\DAL;C:\Program Files (x86)\Intel\Intel(R) Management Engine Components\IPT;C:\Program Files (x86)\Intel\OpenCL SDK\3.0\bin\x86;C:\Program Files (x86)\Intel\OpenCL SDK\3.0\bin\x64;C:\Program Files\Lenovo\Fingerprint Manager Pro\;D:\Matlab2013a\runtime\win64;D:\Matlab2013a\bin;C:\Program Files\Microsoft SQL Server\110\Tools\Binn\;C:\Program Files\Microsoft\Web Platform Installer\;C:\Program Files (x86)\Microsoft ASP.NET\ASP.NET Web Pages\v1.0\;C:\Program Files (x86)\Windows Kits\8.0\Windows Performance Toolkit\;D:\CMake\bin;C:\Program Files (x86)\Microsoft SQL Server\100\Tools\Binn\;C:\Program Files\Microsoft SQL Server\100\Tools\Binn\;C:\Program Files\Microsoft SQL Server\100\DTS\Binn\;C:\Program Files\TortoiseGit\bin;D:\LaTex\MT\miktex\bin\x64\;D:\LaTex\MT\tex\latex\base;D:\Latex\MikTex\miktex\bin\;C:\Program Files\Amazon\AWSCLI\;C:\Program Files (x86)\Amazon\AWSCLI\;D:\OpenCV1.0\bin;C:\Program Files (x86)\IDM Computer Solutions\UltraEdit\;C:\Users\admin\Desktop\eclipse;
USERNAME=admin
OS=Windows_NT
PROCESSOR_IDENTIFIER=Intel64 Family 6 Model 60 Stepping 3, GenuineIntel



---------------  S Y S T E M  ---------------

OS: Windows 7 , 64 bit Build 7601 Service Pack 1

CPU:total 8 (4 cores per cpu, 2 threads per core) family 6 model 60 stepping 3, cmov, cx8, fxsr, mmx, sse, sse2, sse3, ssse3, sse4.1, sse4.2, popcnt, avx, avx2, clmul, erms, lzcnt, ht, tsc, tscinvbit, bmi1, bmi2

Memory: 4k page, physical 16461100k(10396584k free), swap 32920356k(25672540k free)

vm_info: Java HotSpot(TM) 64-Bit Server VM (25.20-b23) for windows-amd64 JRE (1.8.0_20-b26), built on Jul 30 2014 13:51:23 by "java_re" with MS VC++ 10.0 (VS2010)

time: Wed Feb 25 14:03:34 2015
elapsed time: 0 seconds (0d 0h 0m 0s)

